# JRE version: 6.0_34-b34
# Java VM: OpenJDK 64-Bit Server VM (23.25-b01 mixed mode linux-amd64 compressed oops)
Heap
 PSYoungGen      total 310080K, used 183431K [0x00000007ace00000, 0x00000007cdb20000, 0x0000000800000000)
  eden space 302656K, 58% used [0x00000007ace00000,0x00000007b79e6f38,0x00000007bf590000)
  from space 7424K, 99% used [0x00000007cd3e0000,0x00000007cdb1b080,0x00000007cdb20000)
  to   space 24192K, 0% used [0x00000007cabe0000,0x00000007cabe0000,0x00000007cc380000)
 ParOldGen       total 170240K, used 61768K [0x0000000706a00000, 0x0000000711040000, 0x00000007ace00000)
  object space 170240K, 36% used [0x0000000706a00000,0x000000070a652370,0x0000000711040000)
 PSPermGen       total 25088K, used 25008K [0x00000006fc400000, 0x00000006fdc80000, 0x0000000706a00000)
  object space 25088K, 99% used [0x00000006fc400000,0x00000006fdc6c3a0,0x00000006fdc80000)
GC Heap History (10 events):
Event: 195.476 GC heap before
{Heap before GC invocations=10 (full 0):
 PSYoungGen      total 146816K, used 128705K [0x00000007ace00000, 0x00000007bbce0000, 0x0000000800000000)
  eden space 124544K, 100% used [0x00000007ace00000,0x00000007b47a0000,0x00000007b47a0000)
  from space 22272K, 18% used [0x00000007b47a0000,0x00000007b4bb0530,0x00000007b5d60000)
  to   space 22656K, 0% used [0x00000007ba6c0000,0x00000007ba6c0000,0x00000007bbce0000)
 ParOldGen       total 170240K, used 29115K [0x0000000706a00000, 0x0000000711040000, 0x00000007ace00000)
  object space 170240K, 17% used [0x0000000706a00000,0x000000070866ef28,0x0000000711040000)
 PSPermGen       total 24704K, used 24644K [0x00000006fc400000, 0x00000006fdc20000, 0x0000000706a00000)
  object space 24704K, 99% used [0x00000006fc400000,0x00000006fdc11170,0x00000006fdc20000)
Event: 195.485 GC heap after
Heap after GC invocations=10 (full 0):
 PSYoungGen      total 220544K, used 18201K [0x00000007ace00000, 0x00000007bbfa0000, 0x0000000800000000)
  eden space 197888K, 0% used [0x00000007ace00000,0x00000007ace00000,0x00000007b8f40000)
  from space 22656K, 80% used [0x00000007ba6c0000,0x00000007bb886688,0x00000007bbce0000)
  to   space 24064K, 0% used [0x00000007b8f40000,0x00000007b8f40000,0x00000007ba6c0000)
 ParOldGen       total 170240K, used 29391K [0x0000000706a00000, 0x0000000711040000, 0x00000007ace00000)
  object space 170240K, 17% used [0x0000000706a00000,0x00000007086b3e88,0x0000000711040000)
 PSPermGen       total 24704K, used 24644K [0x00000006fc400000, 0x00000006fdc20000, 0x0000000706a00000)
  object space 24704K, 99% used [0x00000006fc400000,0x00000006fdc11170,0x00000006fdc20000)
}
Event: 195.856 GC heap before
{Heap before GC invocations=11 (full 0):
 PSYoungGen      total 220544K, used 216089K [0x00000007ace00000, 0x00000007bbfa0000, 0x0000000800000000)
  eden space 197888K, 100% used [0x00000007ace00000,0x00000007b8f40000,0x00000007b8f40000)
  from space 22656K, 80% used [0x00000007ba6c0000,0x00000007bb886688,0x00000007bbce0000)
  to   space 24064K, 0% used [0x00000007b8f40000,0x00000007b8f40000,0x00000007ba6c0000)
 ParOldGen       total 170240K, used 29391K [0x0000000706a00000, 0x0000000711040000, 0x00000007ace00000)
  object space 170240K, 17% used [0x0000000706a00000,0x00000007086b3e88,0x0000000711040000)
 PSPermGen       total 24704K, used 24674K [0x00000006fc400000, 0x00000006fdc20000, 0x0000000706a00000)
  object space 24704K, 99% used [0x00000006fc400000,0x00000006fdc18a80,0x00000006fdc20000)
Event: 195.861 GC heap after
Heap after GC invocations=11 (full 0):
 PSYoungGen      total 221952K, used 2881K [0x00000007ace00000, 0x00000007c32e0000, 0x0000000800000000)
  eden space 197888K, 0% used [0x00000007ace00000,0x00000007ace00000,0x00000007b8f40000)
  from space 24064K, 11% used [0x00000007b8f40000,0x00000007b9210460,0x00000007ba6c0000)
  to   space 24384K, 0% used [0x00000007c1b10000,0x00000007c1b10000,0x00000007c32e0000)
 ParOldGen       total 170240K, used 43177K [0x0000000706a00000, 0x0000000711040000, 0x00000007ace00000)
  object space 170240K, 25% used [0x0000000706a00000,0x000000070942a688,0x0000000711040000)
 PSPermGen       total 24704K, used 24674K [0x00000006fc400000, 0x00000006fdc20000, 0x0000000706a00000)
  object space 24704K, 99% used [0x00000006fc400000,0x00000006fdc18a80,0x00000006fdc20000)
}
Event: 210.218 GC heap before
{Heap before GC invocations=12 (full 0):
 PSYoungGen      total 221952K, used 200769K [0x00000007ace00000, 0x00000007c32e0000, 0x0000000800000000)
  eden space 197888K, 100% used [0x00000007ace00000,0x00000007b8f40000,0x00000007b8f40000)
  from space 24064K, 11% used [0x00000007b8f40000,0x00000007b9210460,0x00000007ba6c0000)
  to   space 24384K, 0% used [0x00000007c1b10000,0x00000007c1b10000,0x00000007c32e0000)
 ParOldGen       total 170240K, used 43177K [0x0000000706a00000, 0x0000000711040000, 0x00000007ace00000)
  object space 170240K, 25% used [0x0000000706a00000,0x000000070942a6b8,0x0000000711040000)
 PSPermGen       total 25088K, used 24923K [0x00000006fc400000, 0x00000006fdc80000, 0x0000000706a00000)
  object space 25088K, 99% used [0x00000006fc400000,0x00000006fdc56dd8,0x00000006fdc80000)
Event: 210.237 GC heap after
Heap after GC invocations=12 (full 0):
 PSYoungGen      total 340160K, used 16996K [0x00000007ace00000, 0x00000007c34a0000, 0x0000000800000000)
  eden space 315776K, 0% used [0x00000007ace00000,0x00000007ace00000,0x00000007c0260000)
  from space 24384K, 69% used [0x00000007c1b10000,0x00000007c2ba9328,0x00000007c32e0000)
  to   space 25280K, 0% used [0x00000007c0260000,0x00000007c0260000,0x00000007c1b10000)
 ParOldGen       total 170240K, used 43457K [0x0000000706a00000, 0x0000000711040000, 0x00000007ace00000)
  object space 170240K, 25% used [0x0000000706a00000,0x00000007094706b8,0x0000000711040000)
 PSPermGen       total 25088K, used 24923K [0x00000006fc400000, 0x00000006fdc80000, 0x0000000706a00000)
  object space 25088K, 99% used [0x00000006fc400000,0x00000006fdc56dd8,0x00000006fdc80000)
}
Event: 210.881 GC heap before
{Heap before GC invocations=13 (full 0):
 PSYoungGen      total 340160K, used 332772K [0x00000007ace00000, 0x00000007c34a0000, 0x0000000800000000)
  eden space 315776K, 100% used [0x00000007ace00000,0x00000007c0260000,0x00000007c0260000)
  from space 24384K, 69% used [0x00000007c1b10000,0x00000007c2ba9328,0x00000007c32e0000)
  to   space 25280K, 0% used [0x00000007c0260000,0x00000007c0260000,0x00000007c1b10000)
 ParOldGen       total 170240K, used 43463K [0x0000000706a00000, 0x0000000711040000, 0x00000007ace00000)
  object space 170240K, 25% used [0x0000000706a00000,0x0000000709471f50,0x0000000711040000)
 PSPermGen       total 25088K, used 24958K [0x00000006fc400000, 0x00000006fdc80000, 0x0000000706a00000)
  object space 25088K, 99% used [0x00000006fc400000,0x00000006fdc5fa70,0x00000006fdc80000)
Event: 210.892 GC heap after
Heap after GC invocations=13 (full 0):
 PSYoungGen      total 341056K, used 5206K [0x00000007ace00000, 0x00000007cec50000, 0x0000000800000000)
  eden space 315776K, 0% used [0x00000007ace00000,0x00000007ace00000,0x00000007c0260000)
  from space 25280K, 20% used [0x00000007c0260000,0x00000007c0775840,0x00000007c1b10000)
  to   space 25024K, 0% used [0x00000007cd3e0000,0x00000007cd3e0000,0x00000007cec50000)
 ParOldGen       total 170240K, used 59122K [0x0000000706a00000, 0x0000000711040000, 0x00000007ace00000)
  object space 170240K, 34% used [0x0000000706a00000,0x000000070a3bcb28,0x0000000711040000)
 PSPermGen       total 25088K, used 24958K [0x00000006fc400000, 0x00000006fdc80000, 0x0000000706a00000)
  object space 25088K, 99% used [0x00000006fc400000,0x00000006fdc5fa70,0x00000006fdc80000)
}
Event: 218.551 GC heap before
{Heap before GC invocations=14 (full 0):
 PSYoungGen      total 341056K, used 320982K [0x00000007ace00000, 0x00000007cec50000, 0x0000000800000000)
  eden space 315776K, 100% used [0x00000007ace00000,0x00000007c0260000,0x00000007c0260000)
  from space 25280K, 20% used [0x00000007c0260000,0x00000007c0775840,0x00000007c1b10000)
  to   space 25024K, 0% used [0x00000007cd3e0000,0x00000007cd3e0000,0x00000007cec50000)
 ParOldGen       total 170240K, used 59183K [0x0000000706a00000, 0x0000000711040000, 0x00000007ace00000)
  object space 170240K, 34% used [0x0000000706a00000,0x000000070a3cbf88,0x0000000711040000)
 PSPermGen       total 25088K, used 25001K [0x00000006fc400000, 0x00000006fdc80000, 0x0000000706a00000)
  object space 25088K, 99% used [0x00000006fc400000,0x00000006fdc6a720,0x00000006fdc80000)
Event: 218.558 GC heap after
Heap after GC invocations=14 (full 0):
 PSYoungGen      total 310080K, used 7404K [0x00000007ace00000, 0x00000007cdb20000, 0x0000000800000000)
  eden space 302656K, 0% used [0x00000007ace00000,0x00000007ace00000,0x00000007bf590000)
  from space 7424K, 99% used [0x00000007cd3e0000,0x00000007cdb1b080,0x00000007cdb20000)
  to   space 24192K, 0% used [0x00000007cabe0000,0x00000007cabe0000,0x00000007cc380000)
 ParOldGen       total 170240K, used 61768K [0x0000000706a00000, 0x0000000711040000, 0x00000007ace00000)
  object space 170240K, 36% used [0x0000000706a00000,0x000000070a652370,0x0000000711040000)
 PSPermGen       total 25088K, used 25001K [0x00000006fc400000, 0x00000006fdc80000, 0x0000000706a00000)
  object space 25088K, 99% used [0x00000006fc400000,0x00000006fdc6a720,0x00000006fdc80000)
}

